# JRE version: Java(TM) SE Runtime Environment (8.0_191-b12) (build 1.8.0_191-b12)
# Java VM: Java HotSpot(TM) 64-Bit Server VM (25.191-b12 mixed mode windows-amd64 compressed oops)
Heap:
 PSYoungGen      total 313344K, used 287740K [0x00000000e0000000, 0x00000000f6880000, 0x0000000100000000)
  eden space 271872K, 90% used [0x00000000e0000000,0x00000000ef088cb0,0x00000000f0980000)
  from space 41472K, 99% used [0x00000000f1400000,0x00000000f3c76460,0x00000000f3c80000)
  to   space 45056K, 0% used [0x00000000f3c80000,0x00000000f3c80000,0x00000000f6880000)
 ParOldGen       total 206336K, used 85232K [0x00000000a0000000, 0x00000000ac980000, 0x00000000e0000000)
  object space 206336K, 41% used [0x00000000a0000000,0x00000000a533c1e8,0x00000000ac980000)
 Metaspace       used 109397K, capacity 116546K, committed 116736K, reserved 1150976K
  class space    used 14113K, capacity 15334K, committed 15360K, reserved 1048576K
GC Heap History (10 events):
Event: 17472.587 GC heap before
{Heap before GC invocations=55 (full 4):
 PSYoungGen      total 329216K, used 314062K [0x00000000e0000000, 0x00000000f6e80000, 0x0000000100000000)
  eden space 292352K, 100% used [0x00000000e0000000,0x00000000f1d80000,0x00000000f1d80000)
  from space 36864K, 58% used [0x00000000f4a80000,0x00000000f5fb3af0,0x00000000f6e80000)
  to   space 41472K, 0% used [0x00000000f1d80000,0x00000000f1d80000,0x00000000f4600000)
 ParOldGen       total 206336K, used 83680K [0x00000000a0000000, 0x00000000ac980000, 0x00000000e0000000)
  object space 206336K, 40% used [0x00000000a0000000,0x00000000a51b81a8,0x00000000ac980000)
 Metaspace       used 108850K, capacity 115978K, committed 116224K, reserved 1150976K
  class space    used 14089K, capacity 15310K, committed 15360K, reserved 1048576K
Event: 17472.609 GC heap after
Heap after GC invocations=55 (full 4):
 PSYoungGen      total 333824K, used 24747K [0x00000000e0000000, 0x00000000f7880000, 0x0000000100000000)
  eden space 292352K, 0% used [0x00000000e0000000,0x00000000e0000000,0x00000000f1d80000)
  from space 41472K, 59% used [0x00000000f1d80000,0x00000000f35aad20,0x00000000f4600000)
  to   space 40448K, 0% used [0x00000000f5100000,0x00000000f5100000,0x00000000f7880000)
 ParOldGen       total 206336K, used 83872K [0x00000000a0000000, 0x00000000ac980000, 0x00000000e0000000)
  object space 206336K, 40% used [0x00000000a0000000,0x00000000a51e81a8,0x00000000ac980000)
 Metaspace       used 108850K, capacity 115978K, committed 116224K, reserved 1150976K
  class space    used 14089K, capacity 15310K, committed 15360K, reserved 1048576K
}
Event: 17484.093 GC heap before
{Heap before GC invocations=56 (full 4):
 PSYoungGen      total 333824K, used 317099K [0x00000000e0000000, 0x00000000f7880000, 0x0000000100000000)
  eden space 292352K, 100% used [0x00000000e0000000,0x00000000f1d80000,0x00000000f1d80000)
  from space 41472K, 59% used [0x00000000f1d80000,0x00000000f35aad20,0x00000000f4600000)
  to   space 40448K, 0% used [0x00000000f5100000,0x00000000f5100000,0x00000000f7880000)
 ParOldGen       total 206336K, used 83872K [0x00000000a0000000, 0x00000000ac980000, 0x00000000e0000000)
  object space 206336K, 40% used [0x00000000a0000000,0x00000000a51e81a8,0x00000000ac980000)
 Metaspace       used 108985K, capacity 116042K, committed 116224K, reserved 1150976K
  class space    used 14090K, capacity 15310K, committed 15360K, reserved 1048576K
Event: 17484.170 GC heap after
Heap after GC invocations=56 (full 4):
 PSYoungGen      total 343040K, used 32663K [0x00000000e0000000, 0x00000000f7e80000, 0x0000000100000000)
  eden space 302592K, 0% used [0x00000000e0000000,0x00000000e0000000,0x00000000f2780000)
  from space 40448K, 80% used [0x00000000f5100000,0x00000000f70e5d20,0x00000000f7880000)
  to   space 42496K, 0% used [0x00000000f2780000,0x00000000f2780000,0x00000000f5100000)
 ParOldGen       total 206336K, used 84696K [0x00000000a0000000, 0x00000000ac980000, 0x00000000e0000000)
  object space 206336K, 41% used [0x00000000a0000000,0x00000000a52b61e8,0x00000000ac980000)
 Metaspace       used 108985K, capacity 116042K, committed 116224K, reserved 1150976K
  class space    used 14090K, capacity 15310K, committed 15360K, reserved 1048576K
}
Event: 23223.141 GC heap before
{Heap before GC invocations=57 (full 4):
 PSYoungGen      total 343040K, used 335255K [0x00000000e0000000, 0x00000000f7e80000, 0x0000000100000000)
  eden space 302592K, 100% used [0x00000000e0000000,0x00000000f2780000,0x00000000f2780000)
  from space 40448K, 80% used [0x00000000f5100000,0x00000000f70e5d20,0x00000000f7880000)
  to   space 42496K, 0% used [0x00000000f2780000,0x00000000f2780000,0x00000000f5100000)
 ParOldGen       total 206336K, used 84696K [0x00000000a0000000, 0x00000000ac980000, 0x00000000e0000000)
  object space 206336K, 41% used [0x00000000a0000000,0x00000000a52b61e8,0x00000000ac980000)
 Metaspace       used 109113K, capacity 116274K, committed 116480K, reserved 1150976K
  class space    used 14093K, capacity 15310K, committed 15360K, reserved 1048576K
Event: 23224.016 GC heap after
Heap after GC invocations=57 (full 4):
 PSYoungGen      total 313856K, used 21838K [0x00000000e0000000, 0x00000000f6d00000, 0x0000000100000000)
  eden space 291840K, 0% used [0x00000000e0000000,0x00000000e0000000,0x00000000f1d00000)
  from space 22016K, 99% used [0x00000000f2780000,0x00000000f3cd3968,0x00000000f3d00000)
  to   space 40960K, 0% used [0x00000000f4500000,0x00000000f4500000,0x00000000f6d00000)
 ParOldGen       total 206336K, used 84912K [0x00000000a0000000, 0x00000000ac980000, 0x00000000e0000000)
  object space 206336K, 41% used [0x00000000a0000000,0x00000000a52ec1e8,0x00000000ac980000)
 Metaspace       used 109113K, capacity 116274K, committed 116480K, reserved 1150976K
  class space    used 14093K, capacity 15310K, committed 15360K, reserved 1048576K
}
Event: 25553.581 GC heap before
{Heap before GC invocations=58 (full 4):
 PSYoungGen      total 313856K, used 313678K [0x00000000e0000000, 0x00000000f6d00000, 0x0000000100000000)
  eden space 291840K, 100% used [0x00000000e0000000,0x00000000f1d00000,0x00000000f1d00000)
  from space 22016K, 99% used [0x00000000f2780000,0x00000000f3cd3968,0x00000000f3d00000)
  to   space 40960K, 0% used [0x00000000f4500000,0x00000000f4500000,0x00000000f6d00000)
 ParOldGen       total 206336K, used 84912K [0x00000000a0000000, 0x00000000ac980000, 0x00000000e0000000)
  object space 206336K, 41% used [0x00000000a0000000,0x00000000a52ec1e8,0x00000000ac980000)
 Metaspace       used 109169K, capacity 116286K, committed 116480K, reserved 1150976K
  class space    used 14094K, capacity 15312K, committed 15360K, reserved 1048576K
Event: 25553.683 GC heap after
Heap after GC invocations=58 (full 4):
 PSYoungGen      total 319488K, used 37430K [0x00000000e0000000, 0x00000000f6a00000, 0x0000000100000000)
  eden space 281600K, 0% used [0x00000000e0000000,0x00000000e0000000,0x00000000f1300000)
  from space 37888K, 98% used [0x00000000f4500000,0x00000000f698d968,0x00000000f6a00000)
  to   space 44032K, 0% used [0x00000000f1400000,0x00000000f1400000,0x00000000f3f00000)
 ParOldGen       total 206336K, used 84944K [0x00000000a0000000, 0x00000000ac980000, 0x00000000e0000000)
  object space 206336K, 41% used [0x00000000a0000000,0x00000000a52f41e8,0x00000000ac980000)
 Metaspace       used 109169K, capacity 116286K, committed 116480K, reserved 1150976K
  class space    used 14094K, capacity 15312K, committed 15360K, reserved 1048576K
}
Event: 25566.852 GC heap before
{Heap before GC invocations=59 (full 4):
 PSYoungGen      total 319488K, used 316278K [0x00000000e0000000, 0x00000000f6a00000, 0x0000000100000000)
  eden space 281600K, 99% used [0x00000000e0000000,0x00000000f1050228,0x00000000f1300000)
  from space 37888K, 98% used [0x00000000f4500000,0x00000000f698d968,0x00000000f6a00000)
  to   space 44032K, 0% used [0x00000000f1400000,0x00000000f1400000,0x00000000f3f00000)
 ParOldGen       total 206336K, used 84944K [0x00000000a0000000, 0x00000000ac980000, 0x00000000e0000000)
  object space 206336K, 41% used [0x00000000a0000000,0x00000000a52f41e8,0x00000000ac980000)
 Metaspace       used 109358K, capacity 116546K, committed 116736K, reserved 1150976K
  class space    used 14113K, capacity 15334K, committed 15360K, reserved 1048576K
Event: 25566.915 GC heap after
Heap after GC invocations=59 (full 4):
 PSYoungGen      total 313344K, used 41433K [0x00000000e0000000, 0x00000000f6880000, 0x0000000100000000)
  eden space 271872K, 0% used [0x00000000e0000000,0x00000000e0000000,0x00000000f0980000)
  from space 41472K, 99% used [0x00000000f1400000,0x00000000f3c76460,0x00000000f3c80000)
  to   space 45056K, 0% used [0x00000000f3c80000,0x00000000f3c80000,0x00000000f6880000)
 ParOldGen       total 206336K, used 85232K [0x00000000a0000000, 0x00000000ac980000, 0x00000000e0000000)
  object space 206336K, 41% used [0x00000000a0000000,0x00000000a533c1e8,0x00000000ac980000)
 Metaspace       used 109358K, capacity 116546K, committed 116736K, reserved 1150976K
  class space    used 14113K, capacity 15334K, committed 15360K, reserved 1048576K
}

