# JRE version: OpenJDK Runtime Environment (8.0_202-b03) (build 1.8.0_202-release-1483-b03)
# Java VM: OpenJDK 64-Bit Server VM (25.202-b03 mixed mode windows-amd64 compressed oops)
Heap:
 PSYoungGen      total 309248K, used 254940K [0x00000000e0000000, 0x00000000f4b00000, 0x0000000100000000)
  eden space 293888K, 83% used [0x00000000e0000000,0x00000000eee525e0,0x00000000f1f00000)
  from space 15360K, 70% used [0x00000000f3c00000,0x00000000f46a4af8,0x00000000f4b00000)
  to   space 22528K, 0% used [0x00000000f1f00000,0x00000000f1f00000,0x00000000f3500000)
 ParOldGen       total 99328K, used 65958K [0x00000000a0000000, 0x00000000a6100000, 0x00000000e0000000)
  object space 99328K, 66% used [0x00000000a0000000,0x00000000a4069a08,0x00000000a6100000)
 Metaspace       used 88231K, capacity 92086K, committed 92248K, reserved 1130496K
  class space    used 11376K, capacity 12108K, committed 12160K, reserved 1048576K
GC Heap History (10 events):
Event: 66.561 GC heap before
{Heap before GC invocations=19 (full 3):
 PSYoungGen      total 194560K, used 194537K [0x00000000e0000000, 0x00000000f1080000, 0x0000000100000000)
  eden space 179200K, 100% used [0x00000000e0000000,0x00000000eaf00000,0x00000000eaf00000)
  from space 15360K, 99% used [0x00000000eaf00000,0x00000000ebdfa6f8,0x00000000ebe00000)
  to   space 20992K, 0% used [0x00000000efc00000,0x00000000efc00000,0x00000000f1080000)
 ParOldGen       total 99328K, used 41265K [0x00000000a0000000, 0x00000000a6100000, 0x00000000e0000000)
  object space 99328K, 41% used [0x00000000a0000000,0x00000000a284c500,0x00000000a6100000)
 Metaspace       used 68263K, capacity 70354K, committed 70488K, reserved 1110016K
  class space    used 9080K, capacity 9584K, committed 9600K, reserved 1048576K
Event: 66.602 GC heap after
Heap after GC invocations=19 (full 3):
 PSYoungGen      total 244736K, used 12756K [0x00000000e0000000, 0x00000000f0a80000, 0x0000000100000000)
  eden space 229888K, 0% used [0x00000000e0000000,0x00000000e0000000,0x00000000ee080000)
  from space 14848K, 85% used [0x00000000efc00000,0x00000000f08751c8,0x00000000f0a80000)
  to   space 21504K, 0% used [0x00000000ee080000,0x00000000ee080000,0x00000000ef580000)
 ParOldGen       total 99328K, used 55552K [0x00000000a0000000, 0x00000000a6100000, 0x00000000e0000000)
  object space 99328K, 55% used [0x00000000a0000000,0x00000000a3640010,0x00000000a6100000)
 Metaspace       used 68263K, capacity 70354K, committed 70488K, reserved 1110016K
  class space    used 9080K, capacity 9584K, committed 9600K, reserved 1048576K
}
Event: 88.119 GC heap before
{Heap before GC invocations=20 (full 3):
 PSYoungGen      total 244736K, used 242644K [0x00000000e0000000, 0x00000000f0a80000, 0x0000000100000000)
  eden space 229888K, 100% used [0x00000000e0000000,0x00000000ee080000,0x00000000ee080000)
  from space 14848K, 85% used [0x00000000efc00000,0x00000000f08751c8,0x00000000f0a80000)
  to   space 21504K, 0% used [0x00000000ee080000,0x00000000ee080000,0x00000000ef580000)
 ParOldGen       total 99328K, used 55552K [0x00000000a0000000, 0x00000000a6100000, 0x00000000e0000000)
  object space 99328K, 55% used [0x00000000a0000000,0x00000000a3640010,0x00000000a6100000)
 Metaspace       used 79165K, capacity 82300K, committed 82520K, reserved 1120256K
  class space    used 10472K, capacity 11091K, committed 11136K, reserved 1048576K
Event: 88.215 GC heap after
Heap after GC invocations=20 (full 3):
 PSYoungGen      total 251392K, used 21477K [0x00000000e0000000, 0x00000000f3600000, 0x0000000100000000)
  eden space 229888K, 0% used [0x00000000e0000000,0x00000000e0000000,0x00000000ee080000)
  from space 21504K, 99% used [0x00000000ee080000,0x00000000ef5794d0,0x00000000ef580000)
  to   space 24576K, 0% used [0x00000000f1e00000,0x00000000f1e00000,0x00000000f3600000)
 ParOldGen       total 99328K, used 55975K [0x00000000a0000000, 0x00000000a6100000, 0x00000000e0000000)
  object space 99328K, 56% used [0x00000000a0000000,0x00000000a36a9e68,0x00000000a6100000)
 Metaspace       used 79165K, capacity 82300K, committed 82520K, reserved 1120256K
  class space    used 10472K, capacity 11091K, committed 11136K, reserved 1048576K
}
Event: 98.836 GC heap before
{Heap before GC invocations=21 (full 3):
 PSYoungGen      total 251392K, used 251365K [0x00000000e0000000, 0x00000000f3600000, 0x0000000100000000)
  eden space 229888K, 100% used [0x00000000e0000000,0x00000000ee080000,0x00000000ee080000)
  from space 21504K, 99% used [0x00000000ee080000,0x00000000ef5794d0,0x00000000ef580000)
  to   space 24576K, 0% used [0x00000000f1e00000,0x00000000f1e00000,0x00000000f3600000)
 ParOldGen       total 99328K, used 55975K [0x00000000a0000000, 0x00000000a6100000, 0x00000000e0000000)
  object space 99328K, 56% used [0x00000000a0000000,0x00000000a36a9e68,0x00000000a6100000)
 Metaspace       used 79892K, capacity 83154K, committed 83416K, reserved 1122304K
  class space    used 10531K, capacity 11152K, committed 11264K, reserved 1048576K
Event: 98.927 GC heap after
Heap after GC invocations=21 (full 3):
 PSYoungGen      total 286720K, used 5229K [0x00000000e0000000, 0x00000000f3280000, 0x0000000100000000)
  eden space 265728K, 0% used [0x00000000e0000000,0x00000000e0000000,0x00000000f0380000)
  from space 20992K, 24% used [0x00000000f1e00000,0x00000000f231b778,0x00000000f3280000)
  to   space 24064K, 0% used [0x00000000f0380000,0x00000000f0380000,0x00000000f1b00000)
 ParOldGen       total 99328K, used 65942K [0x00000000a0000000, 0x00000000a6100000, 0x00000000e0000000)
  object space 99328K, 66% used [0x00000000a0000000,0x00000000a4065a08,0x00000000a6100000)
 Metaspace       used 79892K, capacity 83154K, committed 83416K, reserved 1122304K
  class space    used 10531K, capacity 11152K, committed 11264K, reserved 1048576K
}
Event: 111.548 GC heap before
{Heap before GC invocations=22 (full 3):
 PSYoungGen      total 286720K, used 270957K [0x00000000e0000000, 0x00000000f3280000, 0x0000000100000000)
  eden space 265728K, 100% used [0x00000000e0000000,0x00000000f0380000,0x00000000f0380000)
  from space 20992K, 24% used [0x00000000f1e00000,0x00000000f231b778,0x00000000f3280000)
  to   space 24064K, 0% used [0x00000000f0380000,0x00000000f0380000,0x00000000f1b00000)
 ParOldGen       total 99328K, used 65942K [0x00000000a0000000, 0x00000000a6100000, 0x00000000e0000000)
  object space 99328K, 66% used [0x00000000a0000000,0x00000000a4065a08,0x00000000a6100000)
 Metaspace       used 80694K, capacity 84044K, committed 84184K, reserved 1122304K
  class space    used 10603K, capacity 11257K, committed 11264K, reserved 1048576K
Event: 111.558 GC heap after
Heap after GC invocations=22 (full 3):
 PSYoungGen      total 289792K, used 7284K [0x00000000e0000000, 0x00000000f5300000, 0x0000000100000000)
  eden space 265728K, 0% used [0x00000000e0000000,0x00000000e0000000,0x00000000f0380000)
  from space 24064K, 30% used [0x00000000f0380000,0x00000000f0a9d3f0,0x00000000f1b00000)
  to   space 23552K, 0% used [0x00000000f3c00000,0x00000000f3c00000,0x00000000f5300000)
 ParOldGen       total 99328K, used 65950K [0x00000000a0000000, 0x00000000a6100000, 0x00000000e0000000)
  object space 99328K, 66% used [0x00000000a0000000,0x00000000a4067a08,0x00000000a6100000)
 Metaspace       used 80694K, capacity 84044K, committed 84184K, reserved 1122304K
  class space    used 10603K, capacity 11257K, committed 11264K, reserved 1048576K
}
Event: 199.865 GC heap before
{Heap before GC invocations=23 (full 3):
 PSYoungGen      total 289792K, used 273012K [0x00000000e0000000, 0x00000000f5300000, 0x0000000100000000)
  eden space 265728K, 100% used [0x00000000e0000000,0x00000000f0380000,0x00000000f0380000)
  from space 24064K, 30% used [0x00000000f0380000,0x00000000f0a9d3f0,0x00000000f1b00000)
  to   space 23552K, 0% used [0x00000000f3c00000,0x00000000f3c00000,0x00000000f5300000)
 ParOldGen       total 99328K, used 65950K [0x00000000a0000000, 0x00000000a6100000, 0x00000000e0000000)
  object space 99328K, 66% used [0x00000000a0000000,0x00000000a4067a08,0x00000000a6100000)
 Metaspace       used 87373K, capacity 91176K, committed 91480K, reserved 1128448K
  class space    used 11359K, capacity 12087K, committed 12160K, reserved 1048576K
Event: 199.879 GC heap after
Heap after GC invocations=23 (full 3):
 PSYoungGen      total 309248K, used 10898K [0x00000000e0000000, 0x00000000f4b00000, 0x0000000100000000)
  eden space 293888K, 0% used [0x00000000e0000000,0x00000000e0000000,0x00000000f1f00000)
  from space 15360K, 70% used [0x00000000f3c00000,0x00000000f46a4af8,0x00000000f4b00000)
  to   space 22528K, 0% used [0x00000000f1f00000,0x00000000f1f00000,0x00000000f3500000)
 ParOldGen       total 99328K, used 65958K [0x00000000a0000000, 0x00000000a6100000, 0x00000000e0000000)
  object space 99328K, 66% used [0x00000000a0000000,0x00000000a4069a08,0x00000000a6100000)
 Metaspace       used 87373K, capacity 91176K, committed 91480K, reserved 1128448K
  class space    used 11359K, capacity 12087K, committed 12160K, reserved 1048576K
}

